<?xml version="1.0" encoding="UTF-8"?>
<!-- Generated by org.testng.reporters.JUnitXMLReporter -->
<testsuite hostname="Wildsprit" ignored="0" name="Test" tests="8" failures="0" timestamp="06 Sep 2023 08:30:53 GMT" time="595.909" errors="0">
  <testcase name="ClickOnTrending" time="55.498" classname="org.testing.TestScripts.TC1"/>
  <testcase name="ClickOnHistory" time="49.702" classname="org.testing.TestScripts.TC2"/>
  <testcase name="ClickOnSubscription" time="43.902" classname="org.testing.TestScripts.TC3"/>
  <testcase name="Likevideo" time="54.613" classname="org.testing.TestScripts.TC4"/>
  <testcase name="SubscribeChannel" time="54.82" classname="org.testing.TestScripts.TC5"/>
  <testcase name="CommentOnVideo" time="105.035" classname="org.testing.TestScripts.TC6"/>
  <testcase name="ClickOnWatchLater" time="41.923" classname="org.testing.TestScripts.TC7"/>
  <testcase name="Demo" time="44.76" classname="org.testing.TestScripts.TC8"/>
</testsuite> <!-- Test -->
